<?xml version="1.0" encoding="UTF-8"?>
<testng-results ignored="0" total="2" passed="2" failed="0" skipped="0">
  <reporter-output>
  </reporter-output>
  <suite started-at="2025-08-28T17:44:40 IST" name="Suite" finished-at="2025-08-28T17:44:58 IST" duration-ms="17926">
    <groups>
      <group name="sanity">
        <method signature="Tc002_LoginTest.verifyLogin()[pri:0, instance:testCases.Tc002_LoginTest@75d4a5c2]" name="verifyLogin" class="testCases.Tc002_LoginTest"/>
      </group> <!-- sanity -->
      <group name="master">
        <method signature="Tc002_LoginTest.verifyLogin()[pri:0, instance:testCases.Tc002_LoginTest@75d4a5c2]" name="verifyLogin" class="testCases.Tc002_LoginTest"/>
      </group> <!-- master -->
    </groups>
    <test started-at="2025-08-28T17:44:40 IST" name="Test2" finished-at="2025-08-28T17:44:58 IST" duration-ms="17926">
      <class name="testCases.TC001_AccountRegistrationTest">
        <test-method is-config="true" signature="setUp(java.lang.String,java.lang.String)[pri:0, instance:testCases.TC001_AccountRegistrationTest@175c2241]" started-at="2025-08-28T17:44:40 IST" name="setUp" finished-at="2025-08-28T17:44:46 IST" duration-ms="5943" status="PASS">
          <params>
            <param index="0">
              <value>
                <![CDATA[windows]]>
              </value>
            </param>
            <param index="1">
              <value>
                <![CDATA[chrome]]>
              </value>
            </param>
          </params>
          <reporter-output>
          </reporter-output>
        </test-method> <!-- setUp -->
        <test-method signature="verifyAccountRegistration()[pri:0, instance:testCases.TC001_AccountRegistrationTest@175c2241]" started-at="2025-08-28T17:44:46 IST" name="verifyAccountRegistration" finished-at="2025-08-28T17:44:51 IST" duration-ms="5004" status="PASS">
          <reporter-output>
          </reporter-output>
        </test-method> <!-- verifyAccountRegistration -->
        <test-method is-config="true" signature="tearDown()[pri:0, instance:testCases.TC001_AccountRegistrationTest@175c2241]" started-at="2025-08-28T17:44:51 IST" name="tearDown" finished-at="2025-08-28T17:44:52 IST" duration-ms="175" status="PASS">
          <reporter-output>
          </reporter-output>
        </test-method> <!-- tearDown -->
      </class> <!-- testCases.TC001_AccountRegistrationTest -->
      <class name="testCases.Tc002_LoginTest">
        <test-method is-config="true" signature="setUp(java.lang.String,java.lang.String)[pri:0, instance:testCases.Tc002_LoginTest@75d4a5c2]" started-at="2025-08-28T17:44:52 IST" name="setUp" finished-at="2025-08-28T17:44:56 IST" duration-ms="4798" status="PASS">
          <params>
            <param index="0">
              <value>
                <![CDATA[windows]]>
              </value>
            </param>
            <param index="1">
              <value>
                <![CDATA[chrome]]>
              </value>
            </param>
          </params>
          <reporter-output>
          </reporter-output>
        </test-method> <!-- setUp -->
        <test-method signature="verifyLogin()[pri:0, instance:testCases.Tc002_LoginTest@75d4a5c2]" started-at="2025-08-28T17:44:56 IST" name="verifyLogin" finished-at="2025-08-28T17:44:58 IST" duration-ms="1583" status="PASS">
          <reporter-output>
          </reporter-output>
        </test-method> <!-- verifyLogin -->
        <test-method is-config="true" signature="tearDown()[pri:0, instance:testCases.Tc002_LoginTest@75d4a5c2]" started-at="2025-08-28T17:44:58 IST" name="tearDown" finished-at="2025-08-28T17:44:58 IST" duration-ms="174" status="PASS">
          <reporter-output>
          </reporter-output>
        </test-method> <!-- tearDown -->
      </class> <!-- testCases.Tc002_LoginTest -->
    </test> <!-- Test2 -->
  </suite> <!-- Suite -->
</testng-results>
